<?xml version="1.0" encoding="UTF-8"?>
<testsuite xmlns:xsi="http://www.w3.org/2001/XMLSchema-instance" xsi:schemaLocation="https://maven.apache.org/surefire/maven-surefire-plugin/xsd/surefire-test-report.xsd" name="br.senac.exemplo.exemplorest.DaoClienteTest" time="0.575" tests="2" errors="0" skipped="0" failures="0">
  <properties>
[...]
</properties>
  <testcase name="testInsertion" classname="br.senac.exemplo.exemplorest.DaoClienteTest" time="0.542"/>
  <testcase name="testUpdate" classname="br.senac.exemplo.exemplorest.DaoClienteTest" time="0.031"/>
</testsuite>